SLURM_JOBID:  27449165
SLURM_ARRAY_TASK_ID:  443
SLURM_ARRAY_JOB_ID:  27449157
PROJECT:  nSMDA
SUBJECT:  new_mj
MONKEY_NAME:  mj
STAIN:  myelin
PICKLE_PATH:  /home/aimantj/histology_shredder/slice-relationships/nSMDA-mj-histo-myelin.p
SLICE_NUM:  443
TMP_DIR:  /tmp/aimantj/mj-myelin-slice-443
STOR_DIR:  /scratch/aimantj/mj-myelin
/home/aimantj/xnatenv/lib/python2.7/site-packages/dicom/__init__.py:53: UserWarning: 
This code is using an older version of pydicom, which is no longer 
maintained as of Jan 2017.  You can access the new pydicom features and API 
by installing `pydicom` from PyPI.
See 'Transitioning to pydicom 1.x' section at pydicom.readthedocs.org 
for more information.

  warnings.warn(msg)
INFO: connection to xnat <http://xnat2.vanderbilt.edu:8080/xnat>:
INFO: Accessing scans/assessors information from XNAT.
Reading download_report.csv from previous download: done.
filtering scans and assessors from previous download.
Extracting information from Xnat and previous download: done.
INFO: Number of scans/assessors that needs to be download per Project (after filters):
---------------------------------------------------------------
| Project ID           | Number of Scans | Number of Assessors |
---------------------------------------------------------------
| nSMDA                | 1               | 1                   |
---------------------------------------------------------------

INFO: Downloading Data for each pair project/subject..
 * 1/1 Project/Subject : nSMDA/new_mj
  +session nSMDA-mj-histo-myelin -- scan mj-histo-myelin-hi_res_files -- type: mj-histo-myelin-hi_res_files
  +proc mj-histo-myelin-df_files
============================================================
[?1034h################################################################
#                         XNATDOWNLOAD                         #
#                                                              #
# Developed by the MASI Lab Vanderbilt University, TN, USA.    #
# If issues, please start a thread here:                       #
# https://groups.google.com/forum/#!forum/vuiis-cci            #
# Usage:                                                       #
#     Download data from XNAT based on input args              #
# Parameters :                                                 #
#     Directory            -> /tmp/aimantj/mj-myelin-slice-443 #
#     Project(s)           -> nSMDA                            #
#     Subject(s)           -> new_mj                           #
#     Session(s)           -> nSMDA-mj-histo-myelin            #
#     Scan types           -> mj-histo-myelin-hi_res_files     #
#     Resources Scan       -> slice_443                        #
#     Process types        -> mj-histo-myelin-df_files         #
#     Resources Process    -> slice_443-light_block3_01        #
#     No sub-dir mode      -> on                               #
################################################################
IMPORTANT WARNING FOR ALL USERS: 
  --update OPTIONS isn't working.
  The last modified resources date can't be access right now 
  if XNAT version is less than 1.6.5.
=====================================================================
Filtering the subjects...
Filtering the sessions...
Filtering the subjects...
Filtering the sessions...
/home/aimantj/xnatenv/lib/python2.7/site-packages/dicom/__init__.py:53: UserWarning: 
This code is using an older version of pydicom, which is no longer 
maintained as of Jan 2017.  You can access the new pydicom features and API 
by installing `pydicom` from PyPI.
See 'Transitioning to pydicom 1.x' section at pydicom.readthedocs.org 
for more information.

  warnings.warn(msg)
WARNING: the command line you are running is different than the one you ran last time. You might have some data different for both command.
 *previous command: /home/aimantj/xnatenv/bin/Xnatdownload --project=nSMDA --subj=new_mj --sess=nSMDA-mj-histo-myelin --scantype=mj-histo-myelin-hi_res_files --rs=slice_443 --assessortype=mj-histo-myelin-df_files --ra=slice_443-light_block3_01 --directory=/tmp/aimantj/mj-myelin-slice-443 --oneDirectory
 *current command:  /home/aimantj/xnatenv/bin/Xnatdownload --project=nSMDA --subj=new_mj --sess=nSMDA-mj-histo-myelin --scantype=mj-histo-myelin-scn_files --rs=slice_443 --directory=/tmp/aimantj/mj-myelin-slice-443 --oneDirectory
INFO: connection to xnat <http://xnat2.vanderbilt.edu:8080/xnat>:
INFO: Accessing scans/assessors information from XNAT.
Reading download_report.csv from previous download: done.
filtering scans and assessors from previous download.
Extracting information from Xnat and previous download: done.
INFO: Number of scans/assessors that needs to be download per Project (after filters):
---------------------------------------------------------------
| Project ID           | Number of Scans | Number of Assessors |
---------------------------------------------------------------
| nSMDA                | 1               | 0                   |
---------------------------------------------------------------

INFO: Downloading Data for each pair project/subject..
 * 1/1 Project/Subject : nSMDA/new_mj
  +session nSMDA-mj-histo-myelin -- scan mj-histo-myelin-scn_files -- type: mj-histo-myelin-scn_files
============================================================
[?1034h################################################################
#                         XNATDOWNLOAD                         #
#                                                              #
# Developed by the MASI Lab Vanderbilt University, TN, USA.    #
# If issues, please start a thread here:                       #
# https://groups.google.com/forum/#!forum/vuiis-cci            #
# Usage:                                                       #
#     Download data from XNAT based on input args              #
# Parameters :                                                 #
#     Directory            -> /tmp/aimantj/mj-myelin-slice-443 #
#     Project(s)           -> nSMDA                            #
#     Subject(s)           -> new_mj                           #
#     Session(s)           -> nSMDA-mj-histo-myelin            #
#     Scan types           -> mj-histo-myelin-scn_files        #
#     Resources Scan       -> slice_443                        #
#     No sub-dir mode      -> on                               #
################################################################
IMPORTANT WARNING FOR ALL USERS: 
  --update OPTIONS isn't working.
  The last modified resources date can't be access right now 
  if XNAT version is less than 1.6.5.
=====================================================================
Filtering the subjects...
Filtering the sessions...
Filtering the subjects...
Filtering the sessions...
{'project': 'nSMDA', 'subject': 'new_mj', 'monkey_name': 'mj', 'stain': 'myelin', 'slice_num': 443, 'tmp_dir': '/tmp/aimantj/mj-myelin-slice-443', 'stor_dir': '/scratch/aimantj/mj-myelin', 'pickle_path': '/home/aimantj/histology_shredder/slice-relationships/nSMDA-mj-histo-myelin.p', 'scn_to_use': 443, 'slices_in_this_scn': 2}
command is: 
 source ~/xnatenv/bin/activate && source ~/.xnat_profile && Xnatdownload --project=nSMDA --subj=new_mj --sess=nSMDA-mj-histo-myelin --scantype=mj-histo-myelin-hi_res_files --rs=slice_443 --assessortype=mj-histo-myelin-df_files --ra=slice_443-light_block3_01 --directory=/tmp/aimantj/mj-myelin-slice-443 --oneDirectory && source deactivate 

command is: 
 source ~/xnatenv/bin/activate && source ~/.xnat_profile && Xnatdownload --project=nSMDA --subj=new_mj --sess=nSMDA-mj-histo-myelin --scantype=mj-histo-myelin-scn_files --rs=slice_443 --directory=/tmp/aimantj/mj-myelin-slice-443 --oneDirectory && source deactivate 

man_img_path : /tmp/aimantj/mj-myelin-slice-443/nSMDA-x-new_mj-x-nSMDA-mj-histo-myelin-x-mj-histo-myelin-hi_res_files-x-slice_443__443.tif
df_path : /tmp/aimantj/mj-myelin-slice-443/mj-histo-myelin-df_files-x-slice_443-light_block3_01__light_block3_01.df
scn_path : /tmp/aimantj/mj-myelin-slice-443/nSMDA-x-new_mj-x-nSMDA-mj-histo-myelin-x-mj-histo-myelin-scn_files-x-slice_443__09-43-MAIN-F-443_2014-06-252023_18_12.scn
File paths look good

Region found: 0
Region found: 1
Region found: 2

reading manual_img
fixing bg holes
bg_color is: [221, 220, 220]
resizing manual_img to lv2

preprocessing manual_img
Calculating cross correlations
{'name': '0', 'x0': 27279, 'y0': 63583, 'w0': 62816, 'h0': 51552, 'norm_corr': 7.9480051983380227, 'lm_R0': 11570, 'lm_C0': -203}
{'name': '1', 'x0': 25969, 'y0': 8565, 'w0': 40896, 'h0': 49344, 'norm_corr': 11.684747461801424, 'lm_R0': 6222, 'lm_C0': -8}
{'name': '2', 'x0': 65430, 'y0': 10172, 'w0': 22208, 'h0': 46720, 'norm_corr': 12.403478133625908, 'lm_R0': -37, 'lm_C0': 29342}
regions kept: ['2', '1']

checking for unwanted regions:
shift ranges: [ 7866 10111]
acceptable shift ranges: [ 9422.4  7732.8]
Traceback (most recent call last):
  File "/home/aimantj/histology_shredder/python-shredder/accre_shredder_wrapper.py", line 28, in <module>
    shred_one_slice(slice_info)
  File "/gpfs22/home/aimantj/histology_shredder/python-shredder/shred_one_slice.py", line 92, in shred_one_slice
    raise ValueError('The automatic region choices appear to be wrong')
ValueError: The automatic region choices appear to be wrong
