SLURM_JOBID:  27861526
SLURM_ARRAY_TASK_ID:  236
SLURM_ARRAY_JOB_ID:  27861523
PROJECT:  nSMDA
SUBJECT:  new_mj
MONKEY_NAME:  mj
STAIN:  BDA
PICKLE_PATH:  /home/aimantj/histology_shredder/slice-relationships/nSMDA-mj-histo-BDA.p
SLICE_NUM:  236
TMP_DIR:  /tmp/aimantj/mj-BDA-slice-236
STOR_DIR:  /scratch/aimantj/mj-BDA
/home/aimantj/xnatenv/lib/python2.7/site-packages/dicom/__init__.py:53: UserWarning: 
This code is using an older version of pydicom, which is no longer 
maintained as of Jan 2017.  You can access the new pydicom features and API 
by installing `pydicom` from PyPI.
See 'Transitioning to pydicom 1.x' section at pydicom.readthedocs.org 
for more information.

  warnings.warn(msg)
INFO: connection to xnat <http://xnat2.vanderbilt.edu:8080/xnat>:
INFO: Accessing scans/assessors information from XNAT.
Reading download_report.csv from previous download: done.
filtering scans and assessors from previous download.
Extracting information from Xnat and previous download: done.
INFO: Number of scans/assessors that needs to be download per Project (after filters):
---------------------------------------------------------------
| Project ID           | Number of Scans | Number of Assessors |
---------------------------------------------------------------
| nSMDA                | 1               | 1                   |
---------------------------------------------------------------

INFO: Downloading Data for each pair project/subject..
 * 1/1 Project/Subject : nSMDA/new_mj
  +session nSMDA-mj-histo-BDA -- scan mj-histo-BDA-hi_res_files -- type: mj-histo-BDA-hi_res_files
  +proc mj-histo-BDA-df_files
============================================================
[?1034h################################################################
#                         XNATDOWNLOAD                         #
#                                                              #
# Developed by the MASI Lab Vanderbilt University, TN, USA.    #
# If issues, please start a thread here:                       #
# https://groups.google.com/forum/#!forum/vuiis-cci            #
# Usage:                                                       #
#     Download data from XNAT based on input args              #
# Parameters :                                                 #
#     Directory            -> /tmp/aimantj/mj-BDA-slice-236    #
#     Project(s)           -> nSMDA                            #
#     Subject(s)           -> new_mj                           #
#     Session(s)           -> nSMDA-mj-histo-BDA               #
#     Scan types           -> mj-histo-BDA-hi_res_files        #
#     Resources Scan       -> slice_236                        #
#     Process types        -> mj-histo-BDA-df_files            #
#     Resources Process    -> slice_236-light_block3_01        #
#     No sub-dir mode      -> on                               #
################################################################
IMPORTANT WARNING FOR ALL USERS: 
  --update OPTIONS isn't working.
  The last modified resources date can't be access right now 
  if XNAT version is less than 1.6.5.
=====================================================================
Filtering the subjects...
Filtering the sessions...
Filtering the subjects...
Filtering the sessions...
/home/aimantj/xnatenv/lib/python2.7/site-packages/dicom/__init__.py:53: UserWarning: 
This code is using an older version of pydicom, which is no longer 
maintained as of Jan 2017.  You can access the new pydicom features and API 
by installing `pydicom` from PyPI.
See 'Transitioning to pydicom 1.x' section at pydicom.readthedocs.org 
for more information.

  warnings.warn(msg)
WARNING: the command line you are running is different than the one you ran last time. You might have some data different for both command.
 *previous command: /home/aimantj/xnatenv/bin/Xnatdownload --project=nSMDA --subj=new_mj --sess=nSMDA-mj-histo-BDA --scantype=mj-histo-BDA-hi_res_files --rs=slice_236 --assessortype=mj-histo-BDA-df_files --ra=slice_236-light_block3_01 --directory=/tmp/aimantj/mj-BDA-slice-236 --oneDirectory
 *current command:  /home/aimantj/xnatenv/bin/Xnatdownload --project=nSMDA --subj=new_mj --sess=nSMDA-mj-histo-BDA --scantype=mj-histo-BDA-scn_files --rs=slice_231 --directory=/tmp/aimantj/mj-BDA-slice-236 --oneDirectory
INFO: connection to xnat <http://xnat2.vanderbilt.edu:8080/xnat>:
INFO: Accessing scans/assessors information from XNAT.
Reading download_report.csv from previous download: done.
filtering scans and assessors from previous download.
Extracting information from Xnat and previous download: done.
INFO: Number of scans/assessors that needs to be download per Project (after filters):
---------------------------------------------------------------
| Project ID           | Number of Scans | Number of Assessors |
---------------------------------------------------------------
| nSMDA                | 1               | 0                   |
---------------------------------------------------------------

INFO: Downloading Data for each pair project/subject..
 * 1/1 Project/Subject : nSMDA/new_mj
  +session nSMDA-mj-histo-BDA -- scan mj-histo-BDA-scn_files -- type: mj-histo-BDA-scn_files
============================================================
[?1034h################################################################
#                         XNATDOWNLOAD                         #
#                                                              #
# Developed by the MASI Lab Vanderbilt University, TN, USA.    #
# If issues, please start a thread here:                       #
# https://groups.google.com/forum/#!forum/vuiis-cci            #
# Usage:                                                       #
#     Download data from XNAT based on input args              #
# Parameters :                                                 #
#     Directory            -> /tmp/aimantj/mj-BDA-slice-236    #
#     Project(s)           -> nSMDA                            #
#     Subject(s)           -> new_mj                           #
#     Session(s)           -> nSMDA-mj-histo-BDA               #
#     Scan types           -> mj-histo-BDA-scn_files           #
#     Resources Scan       -> slice_231                        #
#     No sub-dir mode      -> on                               #
################################################################
IMPORTANT WARNING FOR ALL USERS: 
  --update OPTIONS isn't working.
  The last modified resources date can't be access right now 
  if XNAT version is less than 1.6.5.
=====================================================================
Filtering the subjects...
Filtering the sessions...
Filtering the subjects...
Filtering the sessions...
{'project': 'nSMDA', 'subject': 'new_mj', 'monkey_name': 'mj', 'stain': 'BDA', 'slice_num': 236, 'tmp_dir': '/tmp/aimantj/mj-BDA-slice-236', 'stor_dir': '/scratch/aimantj/mj-BDA', 'pickle_path': '/home/aimantj/histology_shredder/slice-relationships/nSMDA-mj-histo-BDA.p', 'scn_to_use': 231, 'slices_in_this_scn': 2}
command is: 
 source ~/xnatenv/bin/activate && source ~/.xnat_profile && Xnatdownload --project=nSMDA --subj=new_mj --sess=nSMDA-mj-histo-BDA --scantype=mj-histo-BDA-hi_res_files --rs=slice_236 --assessortype=mj-histo-BDA-df_files --ra=slice_236-light_block3_01 --directory=/tmp/aimantj/mj-BDA-slice-236 --oneDirectory && source deactivate 

command is: 
 source ~/xnatenv/bin/activate && source ~/.xnat_profile && Xnatdownload --project=nSMDA --subj=new_mj --sess=nSMDA-mj-histo-BDA --scantype=mj-histo-BDA-scn_files --rs=slice_231 --directory=/tmp/aimantj/mj-BDA-slice-236 --oneDirectory && source deactivate 

man_img_path : /tmp/aimantj/mj-BDA-slice-236/nSMDA-x-new_mj-x-nSMDA-mj-histo-BDA-x-mj-histo-BDA-hi_res_files-x-slice_236__236.tif
df_path : /tmp/aimantj/mj-BDA-slice-236/mj-histo-BDA-df_files-x-slice_236-light_block3_01__light_block3_01.df
scn_path : /tmp/aimantj/mj-BDA-slice-236/nSMDA-x-new_mj-x-nSMDA-mj-histo-BDA-x-mj-histo-BDA-scn_files-x-slice_231__09-43-MAIN-BDA1-231_2014-10-022015_30_23.scn
File paths look good

Region found: 0
Region found: 1

reading manual_img
fixing bg holes
bg_color is: [223, 222, 223]
resizing manual_img to lv2

preprocessing manual_img
Calculating cross correlations
{'name': '0', 'x0': 13152, 'y0': 19167, 'w0': 42542, 'h0': 66707, 'lm_R0': -9872, 'lm_C0': -2640, 'mean_sq_err': 107.46378009665816}
{'name': '1', 'x0': 62973, 'y0': 13469, 'w0': 38928, 'h0': 56704, 'lm_R0': 0, 'lm_C0': 0, 'mean_sq_err': 0.095510028527517138}
Traceback (most recent call last):
  File "/home/aimantj/histology_shredder/python-shredder/accre_shredder_wrapper.py", line 28, in <module>
    shred_one_slice(slice_info)
  File "/gpfs22/home/aimantj/histology_shredder/python-shredder/shred_one_slice.py", line 67, in shred_one_slice
    region_selector(si, slidePtr)
  File "/gpfs22/home/aimantj/histology_shredder/python-shredder/shred_utils.py", line 215, in region_selector
    raise ValueError('Strange number of regions selected')
ValueError: Strange number of regions selected
