SLURM_JOBID:  27861594
SLURM_ARRAY_TASK_ID:  129
SLURM_ARRAY_JOB_ID:  27861590
PROJECT:  nSMDA
SUBJECT:  new_mj
MONKEY_NAME:  mj
STAIN:  nissl
PICKLE_PATH:  /home/aimantj/histology_shredder/slice-relationships/nSMDA-mj-histo-nissl.p
SLICE_NUM:  129
TMP_DIR:  /tmp/aimantj/mj-nissl-slice-129
STOR_DIR:  /scratch/aimantj/mj-nissl
/home/aimantj/xnatenv/lib/python2.7/site-packages/dicom/__init__.py:53: UserWarning: 
This code is using an older version of pydicom, which is no longer 
maintained as of Jan 2017.  You can access the new pydicom features and API 
by installing `pydicom` from PyPI.
See 'Transitioning to pydicom 1.x' section at pydicom.readthedocs.org 
for more information.

  warnings.warn(msg)
INFO: connection to xnat <http://xnat2.vanderbilt.edu:8080/xnat>:
INFO: Accessing scans/assessors information from XNAT.
Reading download_report.csv from previous download: done.
filtering scans and assessors from previous download.
Extracting information from Xnat and previous download: done.
INFO: Number of scans/assessors that needs to be download per Project (after filters):
---------------------------------------------------------------
| Project ID           | Number of Scans | Number of Assessors |
---------------------------------------------------------------
| nSMDA                | 1               | 1                   |
---------------------------------------------------------------

INFO: Downloading Data for each pair project/subject..
 * 1/1 Project/Subject : nSMDA/new_mj
  +session nSMDA-mj-histo-nissl -- scan mj-histo-nissl-hi_res_files -- type: mj-histo-nissl-hi_res_files
  +proc mj-histo-nissl-df_files
============================================================
[?1034h################################################################
#                         XNATDOWNLOAD                         #
#                                                              #
# Developed by the MASI Lab Vanderbilt University, TN, USA.    #
# If issues, please start a thread here:                       #
# https://groups.google.com/forum/#!forum/vuiis-cci            #
# Usage:                                                       #
#     Download data from XNAT based on input args              #
# Parameters :                                                 #
#     Directory            -> /tmp/aimantj/mj-nissl-slice-129  #
#     Project(s)           -> nSMDA                            #
#     Subject(s)           -> new_mj                           #
#     Session(s)           -> nSMDA-mj-histo-nissl             #
#     Scan types           -> mj-histo-nissl-hi_res_files      #
#     Resources Scan       -> slice_129                        #
#     Process types        -> mj-histo-nissl-df_files          #
#     Resources Process    -> slice_129-light_block3_01        #
#     No sub-dir mode      -> on                               #
################################################################
IMPORTANT WARNING FOR ALL USERS: 
  --update OPTIONS isn't working.
  The last modified resources date can't be access right now 
  if XNAT version is less than 1.6.5.
=====================================================================
Filtering the subjects...
Filtering the sessions...
Filtering the subjects...
Filtering the sessions...
/home/aimantj/xnatenv/lib/python2.7/site-packages/dicom/__init__.py:53: UserWarning: 
This code is using an older version of pydicom, which is no longer 
maintained as of Jan 2017.  You can access the new pydicom features and API 
by installing `pydicom` from PyPI.
See 'Transitioning to pydicom 1.x' section at pydicom.readthedocs.org 
for more information.

  warnings.warn(msg)
WARNING: the command line you are running is different than the one you ran last time. You might have some data different for both command.
 *previous command: /home/aimantj/xnatenv/bin/Xnatdownload --project=nSMDA --subj=new_mj --sess=nSMDA-mj-histo-nissl --scantype=mj-histo-nissl-hi_res_files --rs=slice_129 --assessortype=mj-histo-nissl-df_files --ra=slice_129-light_block3_01 --directory=/tmp/aimantj/mj-nissl-slice-129 --oneDirectory
 *current command:  /home/aimantj/xnatenv/bin/Xnatdownload --project=nSMDA --subj=new_mj --sess=nSMDA-mj-histo-nissl --scantype=mj-histo-nissl-scn_files --rs=slice_109 --directory=/tmp/aimantj/mj-nissl-slice-129 --oneDirectory
INFO: connection to xnat <http://xnat2.vanderbilt.edu:8080/xnat>:
INFO: Accessing scans/assessors information from XNAT.
Reading download_report.csv from previous download: done.
filtering scans and assessors from previous download.
Extracting information from Xnat and previous download: done.
INFO: Number of scans/assessors that needs to be download per Project (after filters):
---------------------------------------------------------------
| Project ID           | Number of Scans | Number of Assessors |
---------------------------------------------------------------
| nSMDA                | 1               | 0                   |
---------------------------------------------------------------

INFO: Downloading Data for each pair project/subject..
 * 1/1 Project/Subject : nSMDA/new_mj
  +session nSMDA-mj-histo-nissl -- scan mj-histo-nissl-scn_files -- type: mj-histo-nissl-scn_files
============================================================
[?1034h################################################################
#                         XNATDOWNLOAD                         #
#                                                              #
# Developed by the MASI Lab Vanderbilt University, TN, USA.    #
# If issues, please start a thread here:                       #
# https://groups.google.com/forum/#!forum/vuiis-cci            #
# Usage:                                                       #
#     Download data from XNAT based on input args              #
# Parameters :                                                 #
#     Directory            -> /tmp/aimantj/mj-nissl-slice-129  #
#     Project(s)           -> nSMDA                            #
#     Subject(s)           -> new_mj                           #
#     Session(s)           -> nSMDA-mj-histo-nissl             #
#     Scan types           -> mj-histo-nissl-scn_files         #
#     Resources Scan       -> slice_109                        #
#     No sub-dir mode      -> on                               #
################################################################
IMPORTANT WARNING FOR ALL USERS: 
  --update OPTIONS isn't working.
  The last modified resources date can't be access right now 
  if XNAT version is less than 1.6.5.
=====================================================================
Filtering the subjects...
Filtering the sessions...
Filtering the subjects...
Filtering the sessions...
{'project': 'nSMDA', 'subject': 'new_mj', 'monkey_name': 'mj', 'stain': 'nissl', 'slice_num': 129, 'tmp_dir': '/tmp/aimantj/mj-nissl-slice-129', 'stor_dir': '/scratch/aimantj/mj-nissl', 'pickle_path': '/home/aimantj/histology_shredder/slice-relationships/nSMDA-mj-histo-nissl.p', 'scn_to_use': 109, 'slices_in_this_scn': 3}
command is: 
 source ~/xnatenv/bin/activate && source ~/.xnat_profile && Xnatdownload --project=nSMDA --subj=new_mj --sess=nSMDA-mj-histo-nissl --scantype=mj-histo-nissl-hi_res_files --rs=slice_129 --assessortype=mj-histo-nissl-df_files --ra=slice_129-light_block3_01 --directory=/tmp/aimantj/mj-nissl-slice-129 --oneDirectory && source deactivate 

command is: 
 source ~/xnatenv/bin/activate && source ~/.xnat_profile && Xnatdownload --project=nSMDA --subj=new_mj --sess=nSMDA-mj-histo-nissl --scantype=mj-histo-nissl-scn_files --rs=slice_109 --directory=/tmp/aimantj/mj-nissl-slice-129 --oneDirectory && source deactivate 

scn_path : /tmp/aimantj/mj-nissl-slice-129/nSMDA-x-new_mj-x-nSMDA-mj-histo-nissl-x-mj-histo-nissl-scn_files-x-slice_109__09-43-MAIN-N-109_2015-02-082023_44_26.scn
df_path : /tmp/aimantj/mj-nissl-slice-129/mj-histo-nissl-df_files-x-slice_129-light_block3_01__light_block3_01.df
man_img_path : /tmp/aimantj/mj-nissl-slice-129/nSMDA-x-new_mj-x-nSMDA-mj-histo-nissl-x-mj-histo-nissl-hi_res_files-x-slice_129__129.tif
File paths look good

Region found: 0

reading manual_img
fixing bg holes
bg_color is: [224, 223, 223]
resizing manual_img to lv2

preprocessing manual_img
Calculating cross correlations
Traceback (most recent call last):
  File "/home/aimantj/histology_shredder/python-shredder/accre_shredder_wrapper.py", line 28, in <module>
    shred_one_slice(slice_info)
  File "/gpfs22/home/aimantj/histology_shredder/python-shredder/shred_one_slice.py", line 63, in shred_one_slice
    scn_xcorr(slidePtr, SR, manual_img)
  File "/gpfs22/home/aimantj/histology_shredder/python-shredder/shred_utils.py", line 135, in scn_xcorr
    region_lev1 = slidePtr.read_region((v['x0'],v['y0']),1,tuple(sz1))
  File "/home/aimantj/.local/lib/python3.6/site-packages/openslide/__init__.py", line 223, in read_region
    level, size[0], size[1])
  File "/home/aimantj/.local/lib/python3.6/site-packages/openslide/lowlevel.py", line 260, in read_region
    return _load_image(buf, (w, h))
  File "/home/aimantj/.local/lib/python3.6/site-packages/openslide/lowlevel.py", line 65, in _load_image
    return PIL.Image.frombuffer('RGBA', size, buf, 'raw', 'RGBA', 0, 1)
  File "/home/aimantj/.conda/envs/shredenv/lib/python3.6/site-packages/PIL/Image.py", line 2328, in frombuffer
    core.map_buffer(data, size, decoder_name, None, 0, args)
MemoryError: Integer overflow in ysize
